-------------------------------------------------------------------------------
Test set: edu.sc.bse3211.meetingplanner.CalendarTest
-------------------------------------------------------------------------------
Tests run: 4, Failures: 1, Errors: 0, Skipped: 0, Time elapsed: 0.13 s <<< FAILURE! - in edu.sc.bse3211.meetingplanner.CalendarTest
testAddMeetingSameDay(edu.sc.bse3211.meetingplanner.CalendarTest)  Time elapsed: 0.009 s  <<< FAILURE!
java.lang.AssertionError: Method addMeeting() has thrown the exception: Overlap with another item - First Meeting - scheduled from 0 and 23
	at edu.sc.bse3211.meetingplanner.CalendarTest.testAddMeetingSameDay(CalendarTest.java:40)

