<?xml version="1.0" encoding="UTF-8"?>
<testsuite xmlns:xsi="http://www.w3.org/2001/XMLSchema-instance" xsi:noNamespaceSchemaLocation="https://maven.apache.org/surefire/maven-surefire-plugin/xsd/surefire-test-report.xsd" name="edu.sc.bse3211.meetingplanner.CalendarTest" time="0.118" tests="6" errors="1" skipped="0" failures="3">
  <properties>
    <property name="java.specification.version" value="17"/>
    <property name="sun.jnu.encoding" value="UTF-8"/>
    <property name="java.class.path" value="/home/kalema/Downloads/JUnit-Testing/meetingplanner/target/test-classes:/home/kalema/Downloads/JUnit-Testing/meetingplanner/target/classes:/home/kalema/.m2/repository/junit/junit/4.11/junit-4.11.jar:/home/kalema/.m2/repository/org/hamcrest/hamcrest-core/1.3/hamcrest-core-1.3.jar:"/>
    <property name="java.vm.vendor" value="Oracle Corporation"/>
    <property name="sun.arch.data.model" value="64"/>
    <property name="java.vendor.url" value="https://java.oracle.com/"/>
    <property name="os.name" value="Linux"/>
    <property name="java.vm.specification.version" value="17"/>
    <property name="sun.java.launcher" value="SUN_STANDARD"/>
    <property name="user.country" value="US"/>
    <property name="sun.boot.library.path" value="/home/kalema/jdk-17.0.9/lib"/>
    <property name="sun.java.command" value="/home/kalema/Downloads/JUnit-Testing/meetingplanner/target/surefire/surefirebooter753477069247091306.jar /home/kalema/Downloads/JUnit-Testing/meetingplanner/target/surefire 2024-03-24T14-56-04_802-jvmRun1 surefire3685043324838367514tmp surefire_07231699321641036013tmp"/>
    <property name="jdk.debug" value="release"/>
    <property name="surefire.test.class.path" value="/home/kalema/Downloads/JUnit-Testing/meetingplanner/target/test-classes:/home/kalema/Downloads/JUnit-Testing/meetingplanner/target/classes:/home/kalema/.m2/repository/junit/junit/4.11/junit-4.11.jar:/home/kalema/.m2/repository/org/hamcrest/hamcrest-core/1.3/hamcrest-core-1.3.jar:"/>
    <property name="sun.cpu.endian" value="little"/>
    <property name="user.home" value="/home/kalema"/>
    <property name="user.language" value="en"/>
    <property name="java.specification.vendor" value="Oracle Corporation"/>
    <property name="java.version.date" value="2023-10-17"/>
    <property name="java.home" value="/home/kalema/jdk-17.0.9"/>
    <property name="file.separator" value="/"/>
    <property name="basedir" value="/home/kalema/Downloads/JUnit-Testing/meetingplanner"/>
    <property name="java.vm.compressedOopsMode" value="32-bit"/>
    <property name="line.separator" value="&#10;"/>
    <property name="java.vm.specification.vendor" value="Oracle Corporation"/>
    <property name="java.specification.name" value="Java Platform API Specification"/>
    <property name="surefire.real.class.path" value="/home/kalema/Downloads/JUnit-Testing/meetingplanner/target/surefire/surefirebooter753477069247091306.jar"/>
    <property name="sun.management.compiler" value="HotSpot 64-Bit Tiered Compilers"/>
    <property name="java.runtime.version" value="17.0.9+11-LTS-201"/>
    <property name="user.name" value="kalema"/>
    <property name="path.separator" value=":"/>
    <property name="os.version" value="6.2.0-39-generic"/>
    <property name="java.runtime.name" value="Java(TM) SE Runtime Environment"/>
    <property name="file.encoding" value="UTF-8"/>
    <property name="java.vm.name" value="Java HotSpot(TM) 64-Bit Server VM"/>
    <property name="localRepository" value="/home/kalema/.m2/repository"/>
    <property name="java.vendor.url.bug" value="https://bugreport.java.com/bugreport/"/>
    <property name="java.io.tmpdir" value="/tmp"/>
    <property name="java.version" value="17.0.9"/>
    <property name="user.dir" value="/home/kalema/Downloads/JUnit-Testing/meetingplanner"/>
    <property name="os.arch" value="amd64"/>
    <property name="java.vm.specification.name" value="Java Virtual Machine Specification"/>
    <property name="native.encoding" value="UTF-8"/>
    <property name="java.library.path" value="/usr/java/packages/lib:/usr/lib64:/lib64:/lib:/usr/lib"/>
    <property name="java.vm.info" value="mixed mode, sharing"/>
    <property name="java.vendor" value="Oracle Corporation"/>
    <property name="java.vm.version" value="17.0.9+11-LTS-201"/>
    <property name="sun.io.unicode.encoding" value="UnicodeLittle"/>
    <property name="java.class.version" value="61.0"/>
  </properties>
  <testcase name="testPrintAgenda" classname="edu.sc.bse3211.meetingplanner.CalendarTest" time="0.016">
    <failure type="java.lang.AssertionError">java.lang.AssertionError
	at edu.sc.bse3211.meetingplanner.CalendarTest.testPrintAgenda(CalendarTest.java:117)
</failure>
    <system-out><![CDATA[Agenda for 5:
5/10, 13 - 14,B101: Meeting 1
Attending: Namuli Sylvia
5/18, 9 - 11,C205: Meeting 2
Attending: Ainomugisha Priscilla

]]></system-out>
  </testcase>
  <testcase name="testAddMeeting_holiday" classname="edu.sc.bse3211.meetingplanner.CalendarTest" time="0.001"/>
  <testcase name="testAddMeeting_meetingsOverlap" classname="edu.sc.bse3211.meetingplanner.CalendarTest" time="0.005">
    <error message="Cannot invoke &quot;String.equals(Object)&quot; because the return value of &quot;edu.sc.bse3211.meetingplanner.Meeting.getDescription()&quot; is null" type="java.lang.NullPointerException">java.lang.NullPointerException: Cannot invoke "String.equals(Object)" because the return value of "edu.sc.bse3211.meetingplanner.Meeting.getDescription()" is null
	at edu.sc.bse3211.meetingplanner.CalendarTest.testAddMeeting_meetingsOverlap(CalendarTest.java:58)
</error>
  </testcase>
  <testcase name="testClearSchedule" classname="edu.sc.bse3211.meetingplanner.CalendarTest" time="0"/>
  <testcase name="testAddMeeting_SameStartTimeEndTime" classname="edu.sc.bse3211.meetingplanner.CalendarTest" time="0.009">
    <failure message="expected:&lt;...tarts before it ends[]&gt; but was:&lt;...tarts before it ends[.]&gt;" type="org.junit.ComparisonFailure"><![CDATA[org.junit.ComparisonFailure: expected:<...tarts before it ends[]> but was:<...tarts before it ends[.]>
	at edu.sc.bse3211.meetingplanner.CalendarTest.testAddMeeting_SameStartTimeEndTime(CalendarTest.java:131)
]]></failure>
  </testcase>
  <testcase name="testAddMeeting_invalidDate" classname="edu.sc.bse3211.meetingplanner.CalendarTest" time="0.003">
    <failure message="Should throw exception for an invalid date." type="java.lang.AssertionError">java.lang.AssertionError: Should throw exception for an invalid date.
	at edu.sc.bse3211.meetingplanner.CalendarTest.testAddMeeting_invalidDate(CalendarTest.java:41)
</failure>
  </testcase>
</testsuite>